Arguments: 
  C:\Program Files\nodejs\node.exe C:\Users\Asus\AppData\Roaming\npm\node_modules\yarn\bin\yarn.js add webpack

PATH: 
  C:\ProgramData\Oracle\Java\javapath;C:\Program Files (x86)\Intel\iCLS Client\;C:\Program Files\Intel\iCLS Client\;C:\Windows\system32;C:\Windows;C:\Windows\System32\Wbem;C:\Windows\System32\WindowsPowerShell\v1.0\;C:\Program Files (x86)\NVIDIA Corporation\PhysX\Common;C:\Program Files (x86)\Intel\Intel(R) Management Engine Components\DAL;C:\Program Files\Intel\Intel(R) Management Engine Components\DAL;C:\Program Files (x86)\Intel\Intel(R) Management Engine Components\IPT;C:\Program Files\Intel\Intel(R) Management Engine Components\IPT;C:\Program Files (x86)\Windows Kits\8.1\Windows Performance Toolkit\;C:\Program Files\Microsoft SQL Server\110\Tools\Binn\;C:\Program Files\nodejs\;C:\Program Files (x86)\Brackets\command;C:\Program Files\MongoDb\Server\3.6\bin;C:\MinGW\bin;C:\WINDOWS\system32;C:\WINDOWS;C:\WINDOWS\System32\Wbem;C:\WINDOWS\System32\WindowsPowerShell\v1.0\;C:\WINDOWS\System32\OpenSSH\;C:\Program Files\Git\cmd;C:\Users\Asus\AppData\Local\Microsoft\WindowsApps;C:\Users\Asus\AppData\Roaming\npm;C:\Users\Asus\AppData\Local\atom\bin;C:\Users\Asus\AppData\Local\Microsoft\WindowsApps;C:\Program Files\heroku\bin;C:\Program Files\Microsoft VS Code\bin

Yarn version: 
  1.7.0

Node version: 
  8.10.0

Platform: 
  win32 x64

Trace: 
  Error: https://registry.yarnpkg.com/babel-cli: ETIMEDOUT
      at Timeout._onTimeout (C:\Users\Asus\AppData\Roaming\npm\node_modules\yarn\lib\cli.js:135339:19)
      at ontimeout (timers.js:482:11)
      at tryOnTimeout (timers.js:317:5)
      at Timer.listOnTimeout (timers.js:277:5)

npm manifest: 
  {
    "name": "indecision-app",
    "version": "1.0.0",
    "description": "",
    "main": "index.js",
    "scripts": {
      "test": "echo \"Error: no test specified\" && exit 1",
      "start": "node server" ,
  	"serve" : "live-server public/" ,
  	"build" : "babel src/app.js --out-file=public/scripts/app.js --presets=env,react --watch"
    },
    "author": "Mohammad",
    "license": "ISC",
    "dependencies": {
      "babel-cli": "^6.26.0",
      "babel-preset-env": "^1.5.2",
      "babel-preset-react": "^6.24.1",
      "express": "^4.16.3",
      "live-server": "^1.2.0"
    }
  }

yarn manifest: 
  No manifest

Lockfile: 
  No lockfile
